<?xml version="1.0" encoding="UTF-8"?>
<testsuite name="net.sneakyarcher.graphql.accounts.AccountsApplicationTests" tests="1" skipped="0" failures="0" errors="0" timestamp="2020-07-07T14:56:09" hostname="sysadms-MacBook-Pro.local" time="0.323">
  <properties/>
  <testcase name="contextLoads()" classname="net.sneakyarcher.graphql.accounts.AccountsApplicationTests" time="0.323"/>
  <system-out><![CDATA[20:26:00.261 [Test worker] DEBUG org.springframework.test.context.BootstrapUtils - Instantiating CacheAwareContextLoaderDelegate from class [org.springframework.test.context.cache.DefaultCacheAwareContextLoaderDelegate]
20:26:00.271 [Test worker] DEBUG org.springframework.test.context.BootstrapUtils - Instantiating BootstrapContext using constructor [public org.springframework.test.context.support.DefaultBootstrapContext(java.lang.Class,org.springframework.test.context.CacheAwareContextLoaderDelegate)]
20:26:00.297 [Test worker] DEBUG org.springframework.test.context.BootstrapUtils - Instantiating TestContextBootstrapper for test class [net.sneakyarcher.graphql.accounts.AccountsApplicationTests] from class [org.springframework.boot.test.context.SpringBootTestContextBootstrapper]
20:26:00.309 [Test worker] INFO org.springframework.boot.test.context.SpringBootTestContextBootstrapper - Neither @ContextConfiguration nor @ContextHierarchy found for test class [net.sneakyarcher.graphql.accounts.AccountsApplicationTests], using SpringBootContextLoader
20:26:00.312 [Test worker] DEBUG org.springframework.test.context.support.AbstractContextLoader - Did not detect default resource location for test class [net.sneakyarcher.graphql.accounts.AccountsApplicationTests]: class path resource [net/sneakyarcher/graphql/accounts/AccountsApplicationTests-context.xml] does not exist
20:26:00.313 [Test worker] DEBUG org.springframework.test.context.support.AbstractContextLoader - Did not detect default resource location for test class [net.sneakyarcher.graphql.accounts.AccountsApplicationTests]: class path resource [net/sneakyarcher/graphql/accounts/AccountsApplicationTestsContext.groovy] does not exist
20:26:00.314 [Test worker] INFO org.springframework.test.context.support.AbstractContextLoader - Could not detect default resource locations for test class [net.sneakyarcher.graphql.accounts.AccountsApplicationTests]: no resource found for suffixes {-context.xml, Context.groovy}.
20:26:00.314 [Test worker] INFO org.springframework.test.context.support.AnnotationConfigContextLoaderUtils - Could not detect default configuration classes for test class [net.sneakyarcher.graphql.accounts.AccountsApplicationTests]: AccountsApplicationTests does not declare any static, non-private, non-final, nested classes annotated with @Configuration.
20:26:00.350 [Test worker] DEBUG org.springframework.test.context.support.ActiveProfilesUtils - Could not find an 'annotation declaring class' for annotation type [org.springframework.test.context.ActiveProfiles] and class [net.sneakyarcher.graphql.accounts.AccountsApplicationTests]
20:26:00.399 [Test worker] DEBUG org.springframework.context.annotation.ClassPathScanningCandidateComponentProvider - Identified candidate component class: file [/Users/jayendravikramsingh/Desktop/workspace/personal/graphQL/build/classes/java/main/net/sneakyarcher/graphql/accounts/AccountsApplication.class]
20:26:00.400 [Test worker] INFO org.springframework.boot.test.context.SpringBootTestContextBootstrapper - Found @SpringBootConfiguration net.sneakyarcher.graphql.accounts.AccountsApplication for test class net.sneakyarcher.graphql.accounts.AccountsApplicationTests
20:26:00.479 [Test worker] DEBUG org.springframework.boot.test.context.SpringBootTestContextBootstrapper - @TestExecutionListeners is not present for class [net.sneakyarcher.graphql.accounts.AccountsApplicationTests]: using defaults.
20:26:00.480 [Test worker] INFO org.springframework.boot.test.context.SpringBootTestContextBootstrapper - Loaded default TestExecutionListener class names from location [META-INF/spring.factories]: [org.springframework.boot.test.autoconfigure.restdocs.RestDocsTestExecutionListener, org.springframework.boot.test.autoconfigure.web.client.MockRestServiceServerResetTestExecutionListener, org.springframework.boot.test.autoconfigure.web.servlet.MockMvcPrintOnlyOnFailureTestExecutionListener, org.springframework.boot.test.autoconfigure.web.servlet.WebDriverTestExecutionListener, org.springframework.boot.test.autoconfigure.webservices.client.MockWebServiceServerTestExecutionListener, org.springframework.boot.test.mock.mockito.MockitoTestExecutionListener, org.springframework.boot.test.mock.mockito.ResetMocksTestExecutionListener, org.springframework.test.context.web.ServletTestExecutionListener, org.springframework.test.context.support.DirtiesContextBeforeModesTestExecutionListener, org.springframework.test.context.support.DependencyInjectionTestExecutionListener, org.springframework.test.context.support.DirtiesContextTestExecutionListener, org.springframework.test.context.transaction.TransactionalTestExecutionListener, org.springframework.test.context.jdbc.SqlScriptsTestExecutionListener, org.springframework.test.context.event.EventPublishingTestExecutionListener]
20:26:00.498 [Test worker] INFO org.springframework.boot.test.context.SpringBootTestContextBootstrapper - Using TestExecutionListeners: [org.springframework.test.context.web.ServletTestExecutionListener@5e2491ff, org.springframework.test.context.support.DirtiesContextBeforeModesTestExecutionListener@1dc2cc7f, org.springframework.boot.test.mock.mockito.MockitoTestExecutionListener@4e2cc85d, org.springframework.boot.test.autoconfigure.SpringBootDependencyInjectionTestExecutionListener@466c0ac4, org.springframework.test.context.support.DirtiesContextTestExecutionListener@3c3dd09f, org.springframework.test.context.transaction.TransactionalTestExecutionListener@37974253, org.springframework.test.context.jdbc.SqlScriptsTestExecutionListener@1f510adc, org.springframework.test.context.event.EventPublishingTestExecutionListener@39cd09d8, org.springframework.boot.test.autoconfigure.restdocs.RestDocsTestExecutionListener@6ba69f56, org.springframework.boot.test.autoconfigure.web.client.MockRestServiceServerResetTestExecutionListener@66aeddab, org.springframework.boot.test.autoconfigure.web.servlet.MockMvcPrintOnlyOnFailureTestExecutionListener@71be3c48, org.springframework.boot.test.autoconfigure.web.servlet.WebDriverTestExecutionListener@206c786e, org.springframework.boot.test.autoconfigure.webservices.client.MockWebServiceServerTestExecutionListener@7fef0f1a, org.springframework.boot.test.mock.mockito.ResetMocksTestExecutionListener@6fbcd6c9]
20:26:00.503 [Test worker] DEBUG org.springframework.test.context.support.AbstractDirtiesContextTestExecutionListener - Before test class: context [DefaultTestContext@7d11359e testClass = AccountsApplicationTests, testInstance = [null], testMethod = [null], testException = [null], mergedContextConfiguration = [WebMergedContextConfiguration@67f79e04 testClass = AccountsApplicationTests, locations = '{}', classes = '{class net.sneakyarcher.graphql.accounts.AccountsApplication}', contextInitializerClasses = '[]', activeProfiles = '{}', propertySourceLocations = '{}', propertySourceProperties = '{org.springframework.boot.test.context.SpringBootTestContextBootstrapper=true}', contextCustomizers = set[org.springframework.boot.test.autoconfigure.properties.PropertyMappingContextCustomizer@0, org.springframework.boot.test.autoconfigure.web.servlet.WebDriverContextCustomizerFactory$Customizer@3352de54, org.springframework.boot.test.context.filter.ExcludeFilterContextCustomizer@7d39b181, org.springframework.boot.test.json.DuplicateJsonObjectContextCustomizerFactory$DuplicateJsonObjectContextCustomizer@31d866d9, org.springframework.boot.test.mock.mockito.MockitoContextCustomizer@0, org.springframework.boot.test.web.client.TestRestTemplateContextCustomizer@4ce6bce8, org.springframework.boot.test.context.SpringBootTestArgs@1], resourceBasePath = 'src/main/webapp', contextLoader = 'org.springframework.boot.test.context.SpringBootContextLoader', parent = [null]], attributes = map['org.springframework.test.context.web.ServletTestExecutionListener.activateListener' -> true]], class annotated with @DirtiesContext [false] with mode [null].
20:26:00.528 [Test worker] DEBUG org.springframework.test.context.support.TestPropertySourceUtils - Adding inlined properties to environment: {spring.jmx.enabled=false, org.springframework.boot.test.context.SpringBootTestContextBootstrapper=true}

  .   ____          _            __ _ _
 /\\ / ___'_ __ _ _(_)_ __  __ _ \ \ \ \
( ( )\___ | '_ | '_| | '_ \/ _` | \ \ \ \
 \\/  ___)| |_)| | | | | || (_| |  ) ) ) )
  '  |____| .__|_| |_|_| |_\__, | / / / /
 =========|_|==============|___/=/_/_/_/
 :: Spring Boot ::        (v2.3.1.RELEASE)

2020-07-07 20:26:06.297  INFO 10188 --- [    Test worker] n.s.g.accounts.AccountsApplicationTests  : No active profile set, falling back to default profiles: default
2020-07-07 20:26:06.782  INFO 10188 --- [    Test worker] .s.d.r.c.RepositoryConfigurationDelegate : Multiple Spring Data modules found, entering strict repository configuration mode!
2020-07-07 20:26:06.783  INFO 10188 --- [    Test worker] .s.d.r.c.RepositoryConfigurationDelegate : Bootstrapping Spring Data MongoDB repositories in DEFAULT mode.
2020-07-07 20:26:06.795  INFO 10188 --- [    Test worker] .s.d.r.c.RepositoryConfigurationDelegate : Finished Spring Data repository scanning in 8ms. Found 0 MongoDB repository interfaces.
2020-07-07 20:26:06.803  INFO 10188 --- [    Test worker] .s.d.r.c.RepositoryConfigurationDelegate : Multiple Spring Data modules found, entering strict repository configuration mode!
2020-07-07 20:26:06.803  INFO 10188 --- [    Test worker] .s.d.r.c.RepositoryConfigurationDelegate : Bootstrapping Spring Data Neo4j repositories in DEFAULT mode.
2020-07-07 20:26:06.807  INFO 10188 --- [    Test worker] .s.d.r.c.RepositoryConfigurationDelegate : Finished Spring Data repository scanning in 0ms. Found 0 Neo4j repository interfaces.
2020-07-07 20:26:06.981  INFO 10188 --- [    Test worker] o.s.cloud.context.scope.GenericScope     : BeanFactory id=427956ca-47b8-39d4-ae8e-6c88a8e9f334
2020-07-07 20:26:07.668  INFO 10188 --- [    Test worker] org.neo4j.ogm.metadata.DomainInfo        : Starting Post-processing phase
2020-07-07 20:26:07.668  INFO 10188 --- [    Test worker] org.neo4j.ogm.metadata.DomainInfo        : Building byLabel lookup maps
2020-07-07 20:26:07.668  INFO 10188 --- [    Test worker] org.neo4j.ogm.metadata.DomainInfo        : Building interface class map for 2 classes
2020-07-07 20:26:07.670  INFO 10188 --- [    Test worker] org.neo4j.ogm.metadata.DomainInfo        : Post-processing complete
2020-07-07 20:26:07.707  INFO 10188 --- [    Test worker] o.s.d.neo4j.mapping.Neo4jMappingContext  : Neo4jMappingContext initialisation completed
2020-07-07 20:26:08.195  INFO 10188 --- [    Test worker] o.s.s.concurrent.ThreadPoolTaskExecutor  : Initializing ExecutorService 'applicationTaskExecutor'
2020-07-07 20:26:09.083  INFO 10188 --- [     Thread-244] o.s.b.a.mongo.embedded.EmbeddedMongo     : note: noprealloc may hurt performance in many applications
2020-07-07 20:26:09.089  INFO 10188 --- [     Thread-244] o.s.b.a.mongo.embedded.EmbeddedMongo     : 2020-07-07T20:26:09.088+0530 I CONTROL  [initandlisten] MongoDB starting : pid=10191 port=52769 dbpath=/var/folders/gm/sprv632n4mqbdwctjtpbm3cr0000gp/T/embedmongo-db-52197247-9575-4aa2-9388-b940077e5441 64-bit host=sysadms-MacBook-Pro.local
2020-07-07 20:26:09.090  INFO 10188 --- [     Thread-244] o.s.b.a.mongo.embedded.EmbeddedMongo     : 2020-07-07T20:26:09.089+0530 I CONTROL  [initandlisten] db version v3.5.5
2020-07-07 20:26:09.090  INFO 10188 --- [     Thread-244] o.s.b.a.mongo.embedded.EmbeddedMongo     : 2020-07-07T20:26:09.089+0530 I CONTROL  [initandlisten] git version: 98515c812b6fa893613f063dae568ff8319cbfbd
2020-07-07 20:26:09.090  INFO 10188 --- [     Thread-244] o.s.b.a.mongo.embedded.EmbeddedMongo     : 2020-07-07T20:26:09.089+0530 I CONTROL  [initandlisten] allocator: system
2020-07-07 20:26:09.090  INFO 10188 --- [     Thread-244] o.s.b.a.mongo.embedded.EmbeddedMongo     : 2020-07-07T20:26:09.089+0530 I CONTROL  [initandlisten] modules: none
2020-07-07 20:26:09.090  INFO 10188 --- [     Thread-244] o.s.b.a.mongo.embedded.EmbeddedMongo     : 2020-07-07T20:26:09.089+0530 I CONTROL  [initandlisten] build environment:
2020-07-07 20:26:09.090  INFO 10188 --- [     Thread-244] o.s.b.a.mongo.embedded.EmbeddedMongo     : 2020-07-07T20:26:09.089+0530 I CONTROL  [initandlisten]     distarch: x86_64
2020-07-07 20:26:09.091  INFO 10188 --- [     Thread-244] o.s.b.a.mongo.embedded.EmbeddedMongo     : 2020-07-07T20:26:09.089+0530 I CONTROL  [initandlisten]     target_arch: x86_64
2020-07-07 20:26:09.091  INFO 10188 --- [     Thread-244] o.s.b.a.mongo.embedded.EmbeddedMongo     : 2020-07-07T20:26:09.089+0530 I CONTROL  [initandlisten] options: { net: { bindIp: "127.0.0.1", http: { enabled: false }, port: 52769 }, security: { authorization: "disabled" }, storage: { dbPath: "/var/folders/gm/sprv632n4mqbdwctjtpbm3cr0000gp/T/embedmongo-db-52197247-9575-4aa2-9388-b940077e5441", journal: { enabled: false }, mmapv1: { preallocDataFiles: false, smallFiles: true }, syncPeriodSecs: 0.0 } }
2020-07-07 20:26:09.091  INFO 10188 --- [     Thread-244] o.s.b.a.mongo.embedded.EmbeddedMongo     : 2020-07-07T20:26:09.090+0530 I STORAGE  [initandlisten] wiredtiger_open config: create,cache_size=7680M,session_max=20000,eviction=(threads_min=4,threads_max=4),config_base=false,statistics=(fast),log=(enabled=true,archive=true,path=journal,compressor=snappy),file_manager=(close_idle_time=100000),checkpoint=(wait=0,log_size=2GB),statistics_log=(wait=0),verbose=(recovery_progress),,log=(enabled=false),
2020-07-07 20:26:09.295  INFO 10188 --- [     Thread-244] o.s.b.a.mongo.embedded.EmbeddedMongo     : 2020-07-07T20:26:09.295+0530 W STORAGE  [initandlisten] Detected configuration for non-active storage engine mmapv1 when current storage engine is wiredTiger
2020-07-07 20:26:09.295  INFO 10188 --- [     Thread-244] o.s.b.a.mongo.embedded.EmbeddedMongo     : 2020-07-07T20:26:09.295+0530 I CONTROL  [initandlisten] 
2020-07-07 20:26:09.295  INFO 10188 --- [     Thread-244] o.s.b.a.mongo.embedded.EmbeddedMongo     : 2020-07-07T20:26:09.295+0530 I CONTROL  [initandlisten] ** NOTE: This is a development version (3.5.5) of MongoDB.
2020-07-07 20:26:09.295  INFO 10188 --- [     Thread-244] o.s.b.a.mongo.embedded.EmbeddedMongo     : 2020-07-07T20:26:09.295+0530 I CONTROL  [initandlisten] **       Not recommended for production.
2020-07-07 20:26:09.295  INFO 10188 --- [     Thread-244] o.s.b.a.mongo.embedded.EmbeddedMongo     : 2020-07-07T20:26:09.295+0530 I CONTROL  [initandlisten] 
2020-07-07 20:26:09.363  INFO 10188 --- [     Thread-244] o.s.b.a.mongo.embedded.EmbeddedMongo     : 2020-07-07T20:26:09.362+0530 I FTDC     [initandlisten] Initializing full-time diagnostic data capture with directory '/var/folders/gm/sprv632n4mqbdwctjtpbm3cr0000gp/T/embedmongo-db-52197247-9575-4aa2-9388-b940077e5441/diagnostic.data'
2020-07-07 20:26:09.466  INFO 10188 --- [     Thread-244] o.s.b.a.mongo.embedded.EmbeddedMongo     : 2020-07-07T20:26:09.466+0530 I INDEX    [initandlisten] build index on: admin.system.version properties: { v: 2, key: { version: 1 }, name: "incompatible_with_version_32", ns: "admin.system.version" }
2020-07-07 20:26:09.467  INFO 10188 --- [     Thread-244] o.s.b.a.mongo.embedded.EmbeddedMongo     : 2020-07-07T20:26:09.466+0530 I INDEX    [initandlisten] 	 building index using bulk method; build may temporarily use up to 500 megabytes of RAM
2020-07-07 20:26:09.471  INFO 10188 --- [     Thread-244] o.s.b.a.mongo.embedded.EmbeddedMongo     : 2020-07-07T20:26:09.471+0530 I INDEX    [initandlisten] build index done.  scanned 0 total records. 0 secs
2020-07-07 20:26:09.472  INFO 10188 --- [     Thread-244] o.s.b.a.mongo.embedded.EmbeddedMongo     : 2020-07-07T20:26:09.471+0530 I COMMAND  [initandlisten] setting featureCompatibilityVersion to 3.4
2020-07-07 20:26:09.472  INFO 10188 --- [     Thread-244] o.s.b.a.mongo.embedded.EmbeddedMongo     : 2020-07-07T20:26:09.472+0530 I NETWORK  [thread1] waiting for connections on port 52769
2020-07-07 20:26:09.472  INFO 10188 --- [    Test worker] d.f.embed.mongo.MongodExecutable         : start de.flapdoodle.embed.mongo.config.MongodConfigBuilder$ImmutableMongodConfig@14b6d938
2020-07-07 20:26:09.516  INFO 10188 --- [    Test worker] org.mongodb.driver.cluster               : Cluster created with settings {hosts=[localhost:52769], mode=SINGLE, requiredClusterType=UNKNOWN, serverSelectionTimeout='30000 ms'}
2020-07-07 20:26:09.542  INFO 10188 --- [     Thread-244] o.s.b.a.mongo.embedded.EmbeddedMongo     : 2020-07-07T20:26:09.542+0530 I NETWORK  [thread1] connection accepted from 127.0.0.1:52778 #1 (1 connection now open)
2020-07-07 20:26:09.548  INFO 10188 --- [     Thread-244] o.s.b.a.mongo.embedded.EmbeddedMongo     : 2020-07-07T20:26:09.548+0530 I NETWORK  [conn1] received client metadata from 127.0.0.1:52778 conn1: { driver: { name: "mongo-java-driver|sync|spring-boot", version: "4.0.4" }, os: { type: "Darwin", name: "Mac OS X", architecture: "x86_64", version: "10.15.4" }, platform: "Java/Oracle Corporation/13+33" }
2020-07-07 20:26:09.558  INFO 10188 --- [localhost:52769] org.mongodb.driver.connection            : Opened connection [connectionId{localValue:1, serverValue:1}] to localhost:52769
2020-07-07 20:26:09.560  INFO 10188 --- [localhost:52769] org.mongodb.driver.cluster               : Monitor thread successfully connected to server with description ServerDescription{address=localhost:52769, type=STANDALONE, state=CONNECTED, ok=true, minWireVersion=0, maxWireVersion=5, maxDocumentSize=16777216, logicalSessionTimeoutMinutes=null, roundTripTimeNanos=815684}
2020-07-07 20:26:09.787  INFO 10188 --- [    Test worker] n.s.g.accounts.AccountsApplicationTests  : Started AccountsApplicationTests in 9.25 seconds (JVM running for 10.588)
]]></system-out>
  <system-err><![CDATA[]]></system-err>
</testsuite>
